<?xml version="1.0" encoding="UTF-8"?>
<!-- Generated by org.testng.reporters.JUnitReportReporter -->
<testsuite hostname="AN-SGHALI.local" name="GraphTest" tests="4" failures="0" timestamp="20 Mar 2016 08:08:00 GMT" time="0.012" errors="0">
  <testcase name="IsGraphHierarchyCorrectForInsertionOrder" time="0.002" classname="GraphTest"/>
  <testcase name="IsGraphHierarchyFalseForNonInsertionOrgerGraph" time="0.001" classname="GraphTest"/>
  <testcase name="ValidatePossiblePaths" time="0.002" classname="GraphTest"/>
  <testcase name="DisplayGraphDependanciesIndentedPattern" time="0.007" classname="GraphTest"/>
</testsuite> <!-- GraphTest -->
