<?xml version="1.0" encoding="UTF-8"?>
<!-- Generated by org.testng.reporters.JUnitReportReporter -->
<testsuite hostname="AN-SGHALI.local" name="BasicTest" tests="2" failures="0" timestamp="20 Mar 2016 01:13:25 GMT" time="0.005" errors="0">
  <testcase name="test" time="0.005" classname="BasicTest"/>
  <testcase name="test2" time="0.000" classname="BasicTest"/>
</testsuite> <!-- BasicTest -->
