<?xml version="1.0" encoding="UTF-8"?>
<!-- Generated by org.testng.reporters.JUnitReportReporter -->
<testsuite hostname="AN-SGHALI.local" name="test.GraphTest" tests="4" failures="0" timestamp="20 Mar 2016 08:42:40 GMT" time="0.015" errors="0">
  <testcase name="ValidatePossiblePaths" time="0.001" classname="test.GraphTest"/>
  <testcase name="IsGraphHierarchyFalseForNonInsertionOrgerGraph" time="0.002" classname="test.GraphTest"/>
  <testcase name="IsGraphHierarchyCorrectForInsertionOrder" time="0.008" classname="test.GraphTest"/>
  <testcase name="DisplayGraphDependanciesIndentedPattern" time="0.004" classname="test.GraphTest"/>
</testsuite> <!-- test.GraphTest -->
