<?xml version="1.0" encoding="UTF-8"?>
<!-- Generated by org.testng.reporters.JUnitReportReporter -->
<testsuite hostname="AN-SGHALI.local" name="test.GraphTest" tests="7" failures="0" timestamp="20 Mar 2016 17:02:16 GMT" time="0.041" errors="0">
  <testcase name="IsGraphHierarchyCorrectForInsertionOrder" time="0.028" classname="test.GraphTest"/>
  <testcase name="ValidatePossiblePathsForNonExistNode" time="0.002" classname="test.GraphTest"/>
  <testcase name="DisplayGraphDependanciesInvalid" time="0.001" classname="test.GraphTest"/>
  <testcase name="IsGraphHierarchyFalseForNonInsertionOrderGraph" time="0.002" classname="test.GraphTest"/>
  <testcase name="DisplayGraphDependanciesIndentedPattern" time="0.004" classname="test.GraphTest"/>
  <testcase name="ValidatePossiblePaths" time="0.002" classname="test.GraphTest"/>
  <testcase name="DisplayGraphDependanciesUndirectedPath" time="0.002" classname="test.GraphTest"/>
</testsuite> <!-- test.GraphTest -->
